<?xml version="1.0" encoding="UTF-8"?>
<testsuites name="TS_001_Gosi_POC" time="91" tests="6" failures="0" errors="0">
   <testsuite name="TS_001_Gosi_POC" tests="6" failures="0" errors="0" time="91" timestamp="2019-03-30 22:46:01" hostname="vasanthkswamy - Krishnaswamy" id="Test Suites/GOSI_POC/TS_001_Gosi_POC">
      <properties>
         <property name="deviceName" value=""/>
         <property name="devicePlatform" value=""/>
         <property name="logFolder" value="C:\\Users\\vasanthkswamy\\git\\KatalonGitTestRepo1\\Reports\\GOSI_POC\\TS_001_Gosi_POC\\20190330_224554"/>
         <property name="logFiles" value="C:\\Users\\vasanthkswamy\\git\\KatalonGitTestRepo1\\Reports\\GOSI_POC\\TS_001_Gosi_POC\\20190330_224554\\execution0.log"/>
         <property name="attachments" value="C:\\Users\\vasanthkswamy\\git\\KatalonGitTestRepo1\\Reports\\GOSI_POC\\TS_001_Gosi_POC\\20190330_224554\\1553966212272.png, C:\\Users\\vasanthkswamy\\git\\KatalonGitTestRepo1\\Reports\\GOSI_POC\\TS_001_Gosi_POC\\20190330_224554\\1553966231112.png, C:\\Users\\vasanthkswamy\\git\\KatalonGitTestRepo1\\Reports\\GOSI_POC\\TS_001_Gosi_POC\\20190330_224554\\1553966236215.png, C:\\Users\\vasanthkswamy\\git\\KatalonGitTestRepo1\\Reports\\GOSI_POC\\TS_001_Gosi_POC\\20190330_224554\\1553966239498.png, C:\\Users\\vasanthkswamy\\git\\KatalonGitTestRepo1\\Reports\\GOSI_POC\\TS_001_Gosi_POC\\20190330_224554\\1553966243349.png, C:\\Users\\vasanthkswamy\\git\\KatalonGitTestRepo1\\Reports\\GOSI_POC\\TS_001_Gosi_POC\\20190330_224554\\1553966245792.png, C:\\Users\\vasanthkswamy\\git\\KatalonGitTestRepo1\\Reports\\GOSI_POC\\TS_001_Gosi_POC\\20190330_224554\\1553966247049.png, C:\\Users\\vasanthkswamy\\git\\KatalonGitTestRepo1\\Reports\\GOSI_POC\\TS_001_Gosi_POC\\20190330_224554\\1553966250544.png"/>
         <property name="hostName" value="vasanthkswamy - Krishnaswamy"/>
         <property name="os" value="Windows 8.1 64bit"/>
         <property name="katalonVersion" value="5.7.1.1"/>
         <property name="browser" value="Chrome 73.0.3683.86"/>
         <property name="hostAddress" value="192.168.1.7"/>
         <property name="sessionId" value="85dcb4276a36bddf6c6ba24afd16d38f"/>
         <property name="seleniumVersion" value="3.7.1"/>
         <property name="proxyInformation" value="ProxyInformation{proxyOption=NO_PROXY, proxyServerType=HTTP, password=, proxyServerAddress=, proxyServerPort=0}"/>
         <property name="platform" value="Windows 8.1"/>
      </properties>
      <testcase name="Test Cases/TODO_Note_Page/TC_001_Add_Note" classname="Test Cases/TODO_Note_Page/TC_001_Add_Note" status="PASSED">
         <system-out><![CDATA[2019-03-30 22:46:02 - [TEST_CASE][PASSED] - Test Cases/TODO_Note_Page/TC_001_Add_Note: Test Cases/TODO_Note_Page/TC_001_Add_Note

2019-03-30 22:46:03 - [TEST_STEP][PASSED] - Statement - realtitle = title: null

2019-03-30 22:46:03 - [TEST_STEP][PASSED] - openBrowser: Browser is opened with url: 'http://todomvc.com/examples/angularjs/#/'

2019-03-30 22:46:43 - [MESSAGE][PASSED] - Browser is opened with url: 'http://todomvc.com/examples/angularjs/#/'

2019-03-30 22:46:43 - [TEST_STEP][PASSED] - maximizeWindow: Current window maximized

2019-03-30 22:46:45 - [MESSAGE][PASSED] - Current window maximized

2019-03-30 22:46:45 - [TEST_STEP][PASSED] - refresh: Refresh successfully

2019-03-30 22:46:47 - [MESSAGE][PASSED] - Refresh successfully

2019-03-30 22:46:47 - [TEST_STEP][PASSED] - com.reusableComponents.HighlightElement.run: com.reusableComponents.HighlightElement.run is PASSED

2019-03-30 22:46:51 - [MESSAGE][PASSED] - com.reusableComponents.HighlightElement.run is PASSED

2019-03-30 22:46:51 - [TEST_STEP][PASSED] - takeScreenshot: Taking screenshot successfully

2019-03-30 22:46:54 - [MESSAGE][PASSED] - Taking screenshot successfully
[[ATTACHMENT|C:\\Users\\vasanthkswamy\\git\\KatalonGitTestRepo1\\Reports\\GOSI_POC\\TS_001_Gosi_POC\\20190330_224554\\1553966212272.png]]

2019-03-30 22:46:54 - [TEST_STEP][PASSED] - verifyElementPresent: Object 'Object Repository/TODO_Note_Page/TC_001_Angular_JS_Homepage_Text' is present

2019-03-30 22:46:54 - [MESSAGE][PASSED] - Object 'Object Repository/TODO_Note_Page/TC_001_Angular_JS_Homepage_Text' is present

2019-03-30 22:46:54 - [TEST_STEP][PASSED] - Statement - Actualtitle = com.kms.katalon.core.webui.keyword.WebUiBuiltInKeywords.getWindowTitle(): Current window's title is: 'AngularJS • TodoMVC'

2019-03-30 22:46:54 - [MESSAGE][PASSED] - Current window's title is: 'AngularJS • TodoMVC'

2019-03-30 22:46:54 - [TEST_STEP][PASSED] - Statement - If (Actualtitle.equalsIgnoreCase(realtitle)): Taking screenshot successfully

2019-03-30 22:46:54 - [TEST_STEP][PASSED] - Statement - print(Actualtitle): null

2019-03-30 22:46:54 - [TEST_STEP][PASSED] - verifyMatch: Actual text 'AngularJS • TodoMVC' and expected text 'AngularJS • TodoMVC' are matched  using regular expression

2019-03-30 22:46:54 - [MESSAGE][PASSED] - Actual text 'AngularJS • TodoMVC' and expected text 'AngularJS • TodoMVC' are matched  using regular expression

2019-03-30 22:46:54 - [TEST_STEP][PASSED] - setText: Text 'Gosi General Note' is set on object 'Object Repository/TODO_Note_Page/TC_001_Note_Value'

2019-03-30 22:47:11 - [MESSAGE][PASSED] - Text 'Gosi General Note' is set on object 'Object Repository/TODO_Note_Page/TC_001_Note_Value'

2019-03-30 22:47:11 - [TEST_STEP][PASSED] - takeScreenshot: Taking screenshot successfully

2019-03-30 22:47:11 - [MESSAGE][PASSED] - Taking screenshot successfully
[[ATTACHMENT|C:\\Users\\vasanthkswamy\\git\\KatalonGitTestRepo1\\Reports\\GOSI_POC\\TS_001_Gosi_POC\\20190330_224554\\1553966231112.png]]

2019-03-30 22:47:11 - [TEST_STEP][PASSED] - sendKeys: Keys 'ENTER + ' sent to object: 'Object Repository/TODO_Note_Page/TC_001_Note_Value'

2019-03-30 22:47:13 - [MESSAGE][PASSED] - Keys 'ENTER + ' sent to object: 'Object Repository/TODO_Note_Page/TC_001_Note_Value']]></system-out>
         <system-err><![CDATA[]]></system-err>
      </testcase>
      <testcase name="Test Cases/TODO_Note_Page/TC_002_Add_Another_Note" classname="Test Cases/TODO_Note_Page/TC_002_Add_Another_Note" status="PASSED">
         <system-out><![CDATA[2019-03-30 22:47:13 - [TEST_CASE][PASSED] - Test Cases/TODO_Note_Page/TC_002_Add_Another_Note: Test Cases/TODO_Note_Page/TC_002_Add_Another_Note

2019-03-30 22:47:15 - [TEST_STEP][PASSED] - setText: Text 'Automation General Note' is set on object 'Object Repository/TODO_Note_Page/TC_001_Note_Value'

2019-03-30 22:47:16 - [MESSAGE][PASSED] - Text 'Automation General Note' is set on object 'Object Repository/TODO_Note_Page/TC_001_Note_Value'

2019-03-30 22:47:16 - [TEST_STEP][PASSED] - takeScreenshot: Taking screenshot successfully

2019-03-30 22:47:16 - [MESSAGE][PASSED] - Taking screenshot successfully
[[ATTACHMENT|C:\\Users\\vasanthkswamy\\git\\KatalonGitTestRepo1\\Reports\\GOSI_POC\\TS_001_Gosi_POC\\20190330_224554\\1553966236215.png]]

2019-03-30 22:47:16 - [TEST_STEP][PASSED] - waitForElementPresent: Object 'Object Repository/TODO_Note_Page/TC_001_Note_Value' is present

2019-03-30 22:47:16 - [MESSAGE][PASSED] - Object 'Object Repository/TODO_Note_Page/TC_001_Note_Value' is present

2019-03-30 22:47:16 - [TEST_STEP][PASSED] - click: Object: 'Object Repository/TODO_Note_Page/TC_001_Note_Value' is clicked on

2019-03-30 22:47:17 - [MESSAGE][PASSED] - Object: 'Object Repository/TODO_Note_Page/TC_001_Note_Value' is clicked on

2019-03-30 22:47:17 - [TEST_STEP][PASSED] - com.reusableComponents.HighlightElement.run: com.reusableComponents.HighlightElement.run is PASSED

2019-03-30 22:47:17 - [MESSAGE][PASSED] - com.reusableComponents.HighlightElement.run is PASSED

2019-03-30 22:47:17 - [TEST_STEP][PASSED] - sendKeys: Keys 'ENTER + ' sent to object: 'Object Repository/TODO_Note_Page/TC_001_Note_Value'

2019-03-30 22:47:17 - [MESSAGE][PASSED] - Keys 'ENTER + ' sent to object: 'Object Repository/TODO_Note_Page/TC_001_Note_Value']]></system-out>
         <system-err><![CDATA[]]></system-err>
      </testcase>
      <testcase name="Test Cases/TODO_Note_Page/TC_003_Check_Active_Both_Values" classname="Test Cases/TODO_Note_Page/TC_003_Check_Active_Both_Values" status="PASSED">
         <system-out><![CDATA[2019-03-30 22:47:17 - [TEST_CASE][PASSED] - Test Cases/TODO_Note_Page/TC_003_Check_Active_Both_Values: Test Cases/TODO_Note_Page/TC_003_Check_Active_Both_Values

2019-03-30 22:47:18 - [TEST_STEP][PASSED] - com.reusableComponents.HighlightElement.run: com.reusableComponents.HighlightElement.run is PASSED

2019-03-30 22:47:18 - [MESSAGE][PASSED] - com.reusableComponents.HighlightElement.run is PASSED

2019-03-30 22:47:18 - [TEST_STEP][PASSED] - click: Object: 'Object Repository/TODO_Note_Page/TC_003_Active_Link' is clicked on

2019-03-30 22:47:19 - [MESSAGE][PASSED] - Object: 'Object Repository/TODO_Note_Page/TC_003_Active_Link' is clicked on

2019-03-30 22:47:19 - [TEST_STEP][PASSED] - takeScreenshot: Taking screenshot successfully

2019-03-30 22:47:20 - [MESSAGE][PASSED] - Taking screenshot successfully
[[ATTACHMENT|C:\\Users\\vasanthkswamy\\git\\KatalonGitTestRepo1\\Reports\\GOSI_POC\\TS_001_Gosi_POC\\20190330_224554\\1553966239498.png]]

2019-03-30 22:47:20 - [TEST_STEP][PASSED] - Statement - First_Text = com.kms.katalon.core.webui.keyword.WebUiBuiltInKeywords.getText(com.kms.katalon.core.testobject.ObjectRepository.findTestObject(TODO_Note_Page/TC_003_Get1st_Text)): Text of object 'Object Repository/TODO_Note_Page/TC_003_Get1st_Text' is: 'Gosi General Note'

2019-03-30 22:47:20 - [MESSAGE][PASSED] - Text of object 'Object Repository/TODO_Note_Page/TC_003_Get1st_Text' is: 'Gosi General Note'

2019-03-30 22:47:20 - [TEST_STEP][PASSED] - Statement - print(First_Text): null

2019-03-30 22:47:20 - [TEST_STEP][PASSED] - com.reusableComponents.WriteExcel.writeToExcel: com.reusableComponents.WriteExcel.writeToExcel is PASSED

2019-03-30 22:47:21 - [MESSAGE][PASSED] - com.reusableComponents.WriteExcel.writeToExcel is PASSED

2019-03-30 22:47:21 - [TEST_STEP][PASSED] - verifyMatch: Actual text 'Gosi General Note' and expected text 'Gosi General Note' are matched  using regular expression

2019-03-30 22:47:21 - [MESSAGE][PASSED] - Actual text 'Gosi General Note' and expected text 'Gosi General Note' are matched  using regular expression

2019-03-30 22:47:21 - [TEST_STEP][PASSED] - Statement - Second_Text = com.kms.katalon.core.webui.keyword.WebUiBuiltInKeywords.getText(com.kms.katalon.core.testobject.ObjectRepository.findTestObject(TODO_Note_Page/TC_003_GetSecond_Text)): Text of object 'Object Repository/TODO_Note_Page/TC_003_GetSecond_Text' is: 'Automation General Note'

2019-03-30 22:47:21 - [MESSAGE][PASSED] - Text of object 'Object Repository/TODO_Note_Page/TC_003_GetSecond_Text' is: 'Automation General Note'

2019-03-30 22:47:21 - [TEST_STEP][PASSED] - Statement - print(Second_Text): null

2019-03-30 22:47:21 - [TEST_STEP][PASSED] - com.reusableComponents.WriteExcel.writeToExcel: com.reusableComponents.WriteExcel.writeToExcel is PASSED

2019-03-30 22:47:21 - [MESSAGE][PASSED] - com.reusableComponents.WriteExcel.writeToExcel is PASSED

2019-03-30 22:47:21 - [TEST_STEP][PASSED] - verifyMatch: Actual text 'Automation General Note' and expected text 'Automation General Note' are matched  using regular expression

2019-03-30 22:47:22 - [MESSAGE][PASSED] - Actual text 'Automation General Note' and expected text 'Automation General Note' are matched  using regular expression]]></system-out>
         <system-err><![CDATA[]]></system-err>
      </testcase>
      <testcase name="Test Cases/TODO_Note_Page/TC_004_Check_Completed_No_Values" classname="Test Cases/TODO_Note_Page/TC_004_Check_Completed_No_Values" status="PASSED">
         <system-out><![CDATA[2019-03-30 22:47:22 - [TEST_CASE][PASSED] - Test Cases/TODO_Note_Page/TC_004_Check_Completed_No_Values: Test Cases/TODO_Note_Page/TC_004_Check_Completed_No_Values

2019-03-30 22:47:22 - [TEST_STEP][PASSED] - com.reusableComponents.HighlightElement.run: com.reusableComponents.HighlightElement.run is PASSED

2019-03-30 22:47:23 - [MESSAGE][PASSED] - com.reusableComponents.HighlightElement.run is PASSED

2019-03-30 22:47:23 - [TEST_STEP][PASSED] - click: Object: 'Object Repository/TODO_Note_Page/TC_004_Completed_link' is clicked on

2019-03-30 22:47:23 - [MESSAGE][PASSED] - Object: 'Object Repository/TODO_Note_Page/TC_004_Completed_link' is clicked on

2019-03-30 22:47:23 - [TEST_STEP][PASSED] - takeScreenshot: Taking screenshot successfully

2019-03-30 22:47:23 - [MESSAGE][PASSED] - Taking screenshot successfully
[[ATTACHMENT|C:\\Users\\vasanthkswamy\\git\\KatalonGitTestRepo1\\Reports\\GOSI_POC\\TS_001_Gosi_POC\\20190330_224554\\1553966243349.png]]

2019-03-30 22:47:23 - [TEST_STEP][PASSED] - verifyElementNotPresent: Web element with id: 'Object Repository/TODO_Note_Page/TC_003_Get1st_Text' located by 'By.xpath: //label[contains(@class,'ng-binding')]' is not present after '5' second(s)

2019-03-30 22:47:24 - [MESSAGE][PASSED] - Web element with id: 'Object Repository/TODO_Note_Page/TC_003_Get1st_Text' located by 'By.xpath: //label[contains(@class,'ng-binding')]' is not present after '5' second(s)

2019-03-30 22:47:24 - [TEST_STEP][PASSED] - verifyElementNotPresent: Web element with id: 'Object Repository/TODO_Note_Page/TC_003_GetSecond_Text' located by 'By.xpath: (//label[contains(@class,'ng-binding')])[2]' is not present after '5' second(s)

2019-03-30 22:47:24 - [MESSAGE][PASSED] - Web element with id: 'Object Repository/TODO_Note_Page/TC_003_GetSecond_Text' located by 'By.xpath: (//label[contains(@class,'ng-binding')])[2]' is not present after '5' second(s)]]></system-out>
         <system-err><![CDATA[]]></system-err>
      </testcase>
      <testcase name="Test Cases/TODO_Note_Page/TC_005_Mark_One_Completed" classname="Test Cases/TODO_Note_Page/TC_005_Mark_One_Completed" status="PASSED">
         <system-out><![CDATA[2019-03-30 22:47:24 - [TEST_CASE][PASSED] - Test Cases/TODO_Note_Page/TC_005_Mark_One_Completed: Test Cases/TODO_Note_Page/TC_005_Mark_One_Completed

2019-03-30 22:47:25 - [TEST_STEP][PASSED] - com.reusableComponents.HighlightElement.run: com.reusableComponents.HighlightElement.run is PASSED

2019-03-30 22:47:25 - [MESSAGE][PASSED] - com.reusableComponents.HighlightElement.run is PASSED

2019-03-30 22:47:25 - [TEST_STEP][PASSED] - click: Object: 'Object Repository/TODO_Note_Page/TC_005_First_Check_Box' is clicked on

2019-03-30 22:47:25 - [MESSAGE][PASSED] - Object: 'Object Repository/TODO_Note_Page/TC_005_First_Check_Box' is clicked on

2019-03-30 22:47:25 - [TEST_STEP][PASSED] - takeScreenshot: Taking screenshot successfully

2019-03-30 22:47:26 - [MESSAGE][PASSED] - Taking screenshot successfully
[[ATTACHMENT|C:\\Users\\vasanthkswamy\\git\\KatalonGitTestRepo1\\Reports\\GOSI_POC\\TS_001_Gosi_POC\\20190330_224554\\1553966245792.png]]

2019-03-30 22:47:26 - [TEST_STEP][PASSED] - com.reusableComponents.HighlightElement.run: com.reusableComponents.HighlightElement.run is PASSED

2019-03-30 22:47:26 - [MESSAGE][PASSED] - com.reusableComponents.HighlightElement.run is PASSED

2019-03-30 22:47:26 - [TEST_STEP][PASSED] - click: Object: 'Object Repository/TODO_Note_Page/TC_004_Completed_link' is clicked on

2019-03-30 22:47:27 - [MESSAGE][PASSED] - Object: 'Object Repository/TODO_Note_Page/TC_004_Completed_link' is clicked on

2019-03-30 22:47:27 - [TEST_STEP][PASSED] - takeScreenshot: Taking screenshot successfully

2019-03-30 22:47:27 - [MESSAGE][PASSED] - Taking screenshot successfully
[[ATTACHMENT|C:\\Users\\vasanthkswamy\\git\\KatalonGitTestRepo1\\Reports\\GOSI_POC\\TS_001_Gosi_POC\\20190330_224554\\1553966247049.png]]

2019-03-30 22:47:27 - [TEST_STEP][PASSED] - Statement - First_Text = com.kms.katalon.core.webui.keyword.WebUiBuiltInKeywords.getText(com.kms.katalon.core.testobject.ObjectRepository.findTestObject(TODO_Note_Page/TC_003_Get1st_Text)): Text of object 'Object Repository/TODO_Note_Page/TC_003_Get1st_Text' is: 'Gosi General Note'

2019-03-30 22:47:27 - [MESSAGE][PASSED] - Text of object 'Object Repository/TODO_Note_Page/TC_003_Get1st_Text' is: 'Gosi General Note'

2019-03-30 22:47:27 - [TEST_STEP][PASSED] - Statement - print(First_Text): null

2019-03-30 22:47:27 - [TEST_STEP][PASSED] - com.reusableComponents.WriteExcel.writeToExcel: com.reusableComponents.WriteExcel.writeToExcel is PASSED

2019-03-30 22:47:28 - [MESSAGE][PASSED] - com.reusableComponents.WriteExcel.writeToExcel is PASSED

2019-03-30 22:47:28 - [TEST_STEP][PASSED] - verifyMatch: Actual text 'Gosi General Note' and expected text 'Gosi General Note' are matched  using regular expression

2019-03-30 22:47:28 - [MESSAGE][PASSED] - Actual text 'Gosi General Note' and expected text 'Gosi General Note' are matched  using regular expression]]></system-out>
         <system-err><![CDATA[]]></system-err>
      </testcase>
      <testcase name="Test Cases/TODO_Note_Page/TC_006_Check_Clear_Completed" classname="Test Cases/TODO_Note_Page/TC_006_Check_Clear_Completed" status="PASSED">
         <system-out><![CDATA[2019-03-30 22:47:28 - [TEST_CASE][PASSED] - Test Cases/TODO_Note_Page/TC_006_Check_Clear_Completed: Test Cases/TODO_Note_Page/TC_006_Check_Clear_Completed

2019-03-30 22:47:29 - [TEST_STEP][PASSED] - com.reusableComponents.HighlightElement.run: com.reusableComponents.HighlightElement.run is PASSED

2019-03-30 22:47:30 - [MESSAGE][PASSED] - com.reusableComponents.HighlightElement.run is PASSED

2019-03-30 22:47:30 - [TEST_STEP][PASSED] - click: Object: 'Object Repository/TODO_Note_Page/TC_006_Clear_Completed' is clicked on

2019-03-30 22:47:30 - [MESSAGE][PASSED] - Object: 'Object Repository/TODO_Note_Page/TC_006_Clear_Completed' is clicked on

2019-03-30 22:47:30 - [TEST_STEP][PASSED] - takeScreenshot: Taking screenshot successfully

2019-03-30 22:47:31 - [MESSAGE][PASSED] - Taking screenshot successfully
[[ATTACHMENT|C:\\Users\\vasanthkswamy\\git\\KatalonGitTestRepo1\\Reports\\GOSI_POC\\TS_001_Gosi_POC\\20190330_224554\\1553966250544.png]]

2019-03-30 22:47:31 - [TEST_STEP][PASSED] - verifyElementNotPresent: Web element with id: 'Object Repository/TODO_Note_Page/TC_003_Get1st_Text' located by 'By.xpath: //label[contains(@class,'ng-binding')]' is not present after '5' second(s)

2019-03-30 22:47:31 - [MESSAGE][PASSED] - Web element with id: 'Object Repository/TODO_Note_Page/TC_003_Get1st_Text' located by 'By.xpath: //label[contains(@class,'ng-binding')]' is not present after '5' second(s)

2019-03-30 22:47:31 - [TEST_STEP][PASSED] - verifyElementNotPresent: Web element with id: 'Object Repository/TODO_Note_Page/TC_003_GetSecond_Text' located by 'By.xpath: (//label[contains(@class,'ng-binding')])[2]' is not present after '5' second(s)

2019-03-30 22:47:31 - [MESSAGE][PASSED] - Web element with id: 'Object Repository/TODO_Note_Page/TC_003_GetSecond_Text' located by 'By.xpath: (//label[contains(@class,'ng-binding')])[2]' is not present after '5' second(s)]]></system-out>
         <system-err><![CDATA[]]></system-err>
      </testcase>
      <system-out><![CDATA[2019-03-30 22:46:01 - [TEST_SUITE][PASSED] - TS_001_Gosi_POC: Test Cases/TODO_Note_Page/TC_006_Check_Clear_Completed]]></system-out>
      <system-err><![CDATA[]]></system-err>
   </testsuite>
</testsuites>
